<?xml version="1.0" encoding="UTF-8"?>
<!-- Generated by org.testng.reporters.JUnitReportReporter -->
<testsuite hostname="LAPTOP-52NJGNB2" failures="0" tests="2" name="tests.RegisterPageTest" time="17.837" errors="0" timestamp="06 Jul. 2023 01:45:47 GMT" skipped="0">
  <testcase classname="tests.RegisterPageTest" name="validateRegisterPageTitle" time="8.501"/>
  <testcase classname="tests.RegisterPageTest" name="createNewAccountTest" time="9.336"/>
</testsuite> <!-- tests.RegisterPageTest -->
