<?xml version="1.0" encoding="UTF-8"?>
<!-- Generated by org.testng.reporters.JUnitReportReporter -->
<testsuite hostname="LAPTOP-52NJGNB2" failures="0" tests="4" name="tests.ElectronicPageTest" time="52.972" errors="0" timestamp="06 Jul. 2023 01:45:47 GMT" skipped="0">
  <testcase classname="tests.ElectronicPageTest" name="validateElectronicPageTitle" time="7.814"/>
  <testcase classname="tests.ElectronicPageTest" name="getAllLinksFromDropDOwnTest" time="24.463"/>
  <testcase classname="tests.ElectronicPageTest" name="scrolldownClickOnMusicInstrumentTest" time="11.208"/>
  <testcase classname="tests.ElectronicPageTest" name="verifyElectronicImgTest" time="9.487"/>
</testsuite> <!-- tests.ElectronicPageTest -->
