<?xml version="1.0" encoding="UTF-8"?>
<!-- Generated by org.testng.reporters.JUnitReportReporter -->
<testsuite hostname="LAPTOP-52NJGNB2" failures="0" tests="3" name="tests.MusicInstrumentPageTest" time="32.258" errors="0" timestamp="06 Jul. 2023 01:45:47 GMT" skipped="0">
  <testcase classname="tests.MusicInstrumentPageTest" name="validateMusicInstrumentPageTitle" time="9.785"/>
  <testcase classname="tests.MusicInstrumentPageTest" name="clickOnKeyboardPianoTest" time="10.449"/>
  <testcase classname="tests.MusicInstrumentPageTest" name="getAllHeaderLinksTest" time="12.024"/>
</testsuite> <!-- tests.MusicInstrumentPageTest -->
