<?xml version="1.0" encoding="UTF-8"?>
<!-- Generated by org.testng.reporters.JUnitReportReporter -->
<testsuite hostname="LAPTOP-52NJGNB2" failures="0" tests="3" name="tests.ShoppingPageTest" time="71.727" errors="0" timestamp="06 Jul. 2023 01:45:47 GMT" skipped="0">
  <testcase classname="tests.ShoppingPageTest" name="validateShoppingPageTitle" time="20.580"/>
  <testcase classname="tests.ShoppingPageTest" name="confirmBucketItemTest" time="26.780"/>
  <testcase classname="tests.ShoppingPageTest" name="confirmCartItemsTest" time="24.367"/>
</testsuite> <!-- tests.ShoppingPageTest -->
