<?xml version="1.0" encoding="UTF-8"?>
<!-- Generated by org.testng.reporters.JUnitReportReporter -->
<testsuite hostname="LAPTOP-52NJGNB2" failures="0" tests="3" name="tests.PianoPageTest" time="50.921" errors="0" timestamp="06 Jul. 2023 01:45:47 GMT" skipped="0">
  <testcase classname="tests.PianoPageTest" name="validatePianoPageTitle" time="18.383"/>
  <testcase classname="tests.PianoPageTest" name="verifyImgDisplayedTest" time="17.071"/>
  <testcase classname="tests.PianoPageTest" name="itemAddToCartTest" time="15.467"/>
</testsuite> <!-- tests.PianoPageTest -->
