<?xml version="1.0" encoding="UTF-8"?>
<!-- Generated by org.testng.reporters.JUnitReportReporter -->
<testsuite hostname="LAPTOP-52NJGNB2" failures="0" tests="4" name="tests.KeyBoardPageTest" time="48.629" errors="0" timestamp="06 Jul. 2023 01:45:47 GMT" skipped="0">
  <testcase classname="tests.KeyBoardPageTest" name="validateKeyBoardPageTitle" time="11.252"/>
  <testcase classname="tests.KeyBoardPageTest" name="clickOnfolktoolTest" time="12.024"/>
  <testcase classname="tests.KeyBoardPageTest" name="backForwardRefreshTest" time="14.414"/>
  <testcase classname="tests.KeyBoardPageTest" name="validateKeyBoardHeadingTest" time="10.939"/>
</testsuite> <!-- tests.KeyBoardPageTest -->
