<?xml version="1.0" encoding="UTF-8"?>
<!-- Generated by org.testng.reporters.JUnitReportReporter -->
<testsuite hostname="LAPTOP-52NJGNB2" failures="0" tests="8" name="tests.HomePageTest" time="60.246" errors="0" timestamp="06 Jul. 2023 01:45:47 GMT" skipped="0">
  <testcase classname="tests.HomePageTest" name="validateHomePageTitle" time="5.708"/>
  <testcase classname="tests.HomePageTest" name="verifyAmazonBottomLableTest" time="5.780"/>
  <testcase classname="tests.HomePageTest" name="getDefaultValueFromSearchBoxTest" time="9.663"/>
  <testcase classname="tests.HomePageTest" name="getAllOptionsFromSuggestionListTest" time="9.418"/>
  <testcase classname="tests.HomePageTest" name="clickOnElectronicsLinkTest" time="9.356"/>
  <testcase classname="tests.HomePageTest" name="getAllFooterLinksTest" time="7.638"/>
  <testcase classname="tests.HomePageTest" name="clickOnSignInLinkTest" time="6.197"/>
  <testcase classname="tests.HomePageTest" name="getListAfterHoverTest" time="6.486"/>
</testsuite> <!-- tests.HomePageTest -->
