<?xml version="1.0" encoding="UTF-8"?>
<!-- Generated by org.testng.reporters.JUnitReportReporter -->
<testsuite hostname="LAPTOP-52NJGNB2" failures="0" tests="3" name="tests.AmazonPageTest" time="48.318" errors="0" timestamp="06 Jul. 2023 01:45:47 GMT" skipped="0">
  <testcase classname="tests.AmazonPageTest" name="verifyPageTitle" time="13.610"/>
  <testcase classname="tests.AmazonPageTest" name="seleciMinMaxValueForItemTest" time="13.676"/>
  <testcase classname="tests.AmazonPageTest" name="finilizeItemPianoTest" time="21.032"/>
</testsuite> <!-- tests.AmazonPageTest -->
